{"level":"info","message":"Server running on port {port}","timestamp":"2024-07-30T11:24:40.321Z"}
{"level":"info","message":"Server running on port5000","timestamp":"2024-07-30T11:26:07.893Z"}
{"level":"info","message":"Server running on port 5000","timestamp":"2024-07-30T11:34:49.635Z"}
{"level":"info","message":"Server running on port 5000","timestamp":"2024-07-30T11:36:58.757Z"}
{"level":"info","message":"Server running on port 5000","timestamp":"2024-07-30T13:44:08.279Z"}
{"level":"info","message":"Server connected to database and database running on port 27017","timestamp":"2024-07-30T13:44:08.429Z"}
{"level":"info","message":"Server running on port 5000","timestamp":"2024-07-30T13:45:15.844Z"}
{"level":"info","message":"Server connected to database and database running on port 27017","timestamp":"2024-07-30T13:45:16.225Z"}
{"level":"info","message":"Server running on port 5000","timestamp":"2024-07-30T13:50:33.284Z"}
{"level":"info","message":"Server connected to database and database running on port 27017","timestamp":"2024-07-30T13:50:33.513Z"}
{"level":"info","message":"Server running on port 5000","timestamp":"2024-07-30T13:51:15.475Z"}
{"level":"info","message":"Server connected to database and database running on port 27017","timestamp":"2024-07-30T13:51:15.865Z"}
{"level":"info","message":"Server running on port 5000","timestamp":"2024-07-30T14:00:06.106Z"}
{"level":"info","message":"Server connected to database and database running on port 27017","timestamp":"2024-07-30T14:00:06.471Z"}
{"level":"info","message":"Server running on port 5000","timestamp":"2024-07-30T14:00:12.481Z"}
{"level":"info","message":"Server connected to database and database running on port 27017","timestamp":"2024-07-30T14:00:12.577Z"}
{"level":"info","message":"Server running on port 5000","timestamp":"2024-07-30T14:21:18.700Z"}
{"level":"info","message":"Server connected to database and database running on port 27017","timestamp":"2024-07-30T14:21:20.121Z"}
{"level":"info","message":"Server running on port 5000","timestamp":"2024-07-30T14:24:29.335Z"}
{"level":"info","message":"Server connected to database and database running on port 27017","timestamp":"2024-07-30T14:24:29.460Z"}
{"level":"info","message":"Server running on port 5000","timestamp":"2024-07-30T14:29:34.202Z"}
{"level":"info","message":"Server connected to database and database running on port 27017","timestamp":"2024-07-30T14:29:34.378Z"}
{"level":"info","message":"Server running on port 5000","timestamp":"2024-07-30T14:30:03.988Z"}
{"level":"info","message":"Server connected to database and database running on port 27017","timestamp":"2024-07-30T14:30:04.236Z"}
{"level":"info","message":"Server running on port 5000","timestamp":"2024-07-30T14:35:43.907Z"}
{"level":"info","message":"Server connected to database and database running on port 27017","timestamp":"2024-07-30T14:35:45.056Z"}
{"level":"info","message":"Server running on port 5000","timestamp":"2024-07-30T14:37:54.719Z"}
{"level":"info","message":"Server connected to database and database running on port 27017","timestamp":"2024-07-30T14:37:54.846Z"}
{"level":"info","message":"Server running on port 5000","timestamp":"2024-07-30T14:49:41.987Z"}
{"level":"info","message":"Server connected to database and database running on port 27017","timestamp":"2024-07-30T14:49:42.112Z"}
{"level":"info","message":"Server running on port 5000","timestamp":"2024-07-30T14:59:24.402Z"}
{"level":"info","message":"Server connected to database and database running on port 27017","timestamp":"2024-07-30T14:59:24.939Z"}
{"level":"info","message":"Server running on port 5000","timestamp":"2024-07-30T15:01:20.183Z"}
{"level":"info","message":"Server connected to database and database running on port 27017","timestamp":"2024-07-30T15:01:20.898Z"}
{"level":"info","message":"Server running on port 5000","timestamp":"2024-07-30T15:02:19.499Z"}
{"level":"info","message":"Server connected to database and database running on port 27017","timestamp":"2024-07-30T15:02:19.910Z"}
{"level":"info","message":"Server running on port 5000","timestamp":"2024-07-30T15:02:56.089Z"}
{"level":"info","message":"Server connected to database and database running on port 27017","timestamp":"2024-07-30T15:02:56.816Z"}
{"level":"info","message":"Server running on port 5000","timestamp":"2024-07-30T15:04:08.458Z"}
{"level":"info","message":"Server connected to database and database running on port 27017","timestamp":"2024-07-30T15:04:09.295Z"}
{"level":"info","message":"Server running on port 5000","timestamp":"2024-07-30T15:36:56.691Z"}
{"level":"info","message":"Server connected to database and database running on port 27017","timestamp":"2024-07-30T15:36:57.806Z"}
{"level":"info","message":"Server running on port 5000","timestamp":"2024-07-30T19:48:48.277Z"}
{"level":"info","message":"Server connected to database and database running on port 27017","timestamp":"2024-07-30T19:48:48.413Z"}
{"level":"info","message":"Server running on port 5000","timestamp":"2024-07-30T19:54:16.847Z"}
{"level":"info","message":"Server connected to database and database running on port 27017","timestamp":"2024-07-30T19:54:16.980Z"}
{"level":"info","message":"Server running on port 5000","timestamp":"2024-07-30T19:56:15.191Z"}
{"level":"info","message":"Server connected to database and database running on port 27017","timestamp":"2024-07-30T19:56:15.396Z"}
{"level":"info","message":"Server running on port 5000","timestamp":"2024-07-30T19:56:30.169Z"}
{"level":"info","message":"Server connected to database and database running on port 27017","timestamp":"2024-07-30T19:56:30.403Z"}
{"level":"info","message":"Server running on port 5000","timestamp":"2024-07-30T20:18:49.123Z"}
{"level":"info","message":"Server connected to database and database running on port 27017","timestamp":"2024-07-30T20:18:50.386Z"}
{"level":"info","message":"Server running on port 5000","timestamp":"2024-07-30T20:20:55.518Z"}
{"level":"info","message":"Server connected to database and database running on port 27017","timestamp":"2024-07-30T20:20:55.666Z"}
{"level":"info","message":"Server running on port 5000","timestamp":"2024-07-30T20:23:29.338Z"}
{"level":"info","message":"Server connected to database and database running on port 27017","timestamp":"2024-07-30T20:23:29.460Z"}
{"level":"info","message":"Server running on port 5000","timestamp":"2024-07-30T20:59:48.459Z"}
{"level":"info","message":"Server connected to database and database running on port 27017","timestamp":"2024-07-30T20:59:48.591Z"}
{"level":"info","message":"Server running on port 5000","timestamp":"2024-07-30T21:05:17.979Z"}
{"level":"info","message":"Server connected to database and database running on port 27017","timestamp":"2024-07-30T21:05:18.103Z"}
{"level":"info","message":"Server running on port 5000","timestamp":"2024-07-30T21:09:57.771Z"}
{"level":"info","message":"Server connected to database and database running on port 27017","timestamp":"2024-07-30T21:09:57.913Z"}
{"level":"info","message":"Server running on port 5000","timestamp":"2024-07-30T21:12:03.341Z"}
{"level":"info","message":"Server connected to database and database running on port 27017","timestamp":"2024-07-30T21:12:03.597Z"}
{"level":"info","message":"Server running on port 5000","timestamp":"2024-07-30T21:12:27.152Z"}
{"level":"info","message":"Server running on port 5000","timestamp":"2024-07-30T21:14:11.939Z"}
{"level":"info","message":"Server connected to database and database running on port 27017","timestamp":"2024-07-30T21:14:12.094Z"}
{"level":"info","message":"Server running on port 5000","timestamp":"2024-07-30T21:15:27.418Z"}
{"level":"info","message":"Server connected to database and database running on port 27017","timestamp":"2024-07-30T21:15:27.524Z"}
{"level":"info","message":"Server running on port 5000","timestamp":"2024-07-30T21:18:15.936Z"}
{"level":"info","message":"Server connected to database and database running on port 27017","timestamp":"2024-07-30T21:18:16.181Z"}
{"level":"info","message":"Server running on port 3000","timestamp":"2024-07-30T22:01:04.863Z"}
{"level":"error","message":"Server refused to connect to database with message: Server selection timed out after 2000 ms","timestamp":"2024-07-30T22:01:06.611Z"}
{"level":"info","message":"Server running on port 3000","timestamp":"2024-07-30T22:01:21.764Z"}
{"level":"info","message":"Server connected to database and database running on port 27017","timestamp":"2024-07-30T22:01:21.950Z"}
{"level":"info","message":"Server running on port 3000","timestamp":"2024-07-30T22:02:40.862Z"}
{"level":"info","message":"Server connected to database and database running on port 27017","timestamp":"2024-07-30T22:02:41.012Z"}
{"level":"info","message":"Server running on port 3000","timestamp":"2024-07-30T22:03:28.755Z"}
{"level":"info","message":"Server connected to database and database running on port 27017","timestamp":"2024-07-30T22:03:28.874Z"}
{"level":"info","message":"Server running on port 3000","timestamp":"2024-07-30T22:04:08.944Z"}
{"level":"info","message":"Server connected to database and database running on port 27017","timestamp":"2024-07-30T22:04:09.078Z"}
{"level":"info","message":"Server running on port 3000","timestamp":"2024-07-30T22:04:29.293Z"}
{"level":"info","message":"Server connected to database and database running on port 27017","timestamp":"2024-07-30T22:04:29.400Z"}
{"level":"info","message":"Server running on port 3000","timestamp":"2024-07-30T22:05:42.604Z"}
{"level":"info","message":"Server connected to database and database running on port 27017","timestamp":"2024-07-30T22:05:42.723Z"}
{"level":"info","message":"Server running on port 3000","timestamp":"2024-07-30T22:07:15.593Z"}
{"level":"info","message":"Server connected to database and database running on port 27017","timestamp":"2024-07-30T22:07:15.704Z"}
{"level":"info","message":"Server running on port 3000","timestamp":"2024-07-30T22:08:29.775Z"}
{"level":"info","message":"Server connected to database and database running on port 27017","timestamp":"2024-07-30T22:08:29.915Z"}
{"level":"info","message":"Server running on port 3000","timestamp":"2024-07-30T22:11:47.922Z"}
{"level":"info","message":"Server connected to database and database running on port 27017","timestamp":"2024-07-30T22:11:48.065Z"}
{"level":"info","message":"Server running on port 3000","timestamp":"2024-07-30T22:12:17.762Z"}
{"level":"info","message":"Server connected to database and database running on port 27017","timestamp":"2024-07-30T22:12:17.886Z"}
{"level":"info","message":"Server running on port 3000","timestamp":"2024-07-30T22:12:33.894Z"}
{"level":"info","message":"Server connected to database and database running on port 27017","timestamp":"2024-07-30T22:12:34.017Z"}
{"level":"info","message":"Server running on port 3000","timestamp":"2024-07-30T22:14:52.597Z"}
{"level":"info","message":"Server connected to database and database running on port 27017","timestamp":"2024-07-30T22:14:52.979Z"}
{"level":"info","message":"Server running on port 3000","timestamp":"2024-07-30T22:20:21.989Z"}
{"level":"info","message":"Server connected to database and database running on port 27017","timestamp":"2024-07-30T22:20:22.165Z"}
{"level":"info","message":"Server running on port 3000","timestamp":"2024-07-30T22:23:08.590Z"}
{"level":"info","message":"Server connected to database and database running on port 27017","timestamp":"2024-07-30T22:23:08.799Z"}
{"level":"info","message":"Server running on port 3000","timestamp":"2024-07-30T22:31:36.131Z"}
{"level":"info","message":"Server connected to database and database running on port 27017","timestamp":"2024-07-30T22:31:36.466Z"}
{"level":"info","message":"Server running on port 3000","timestamp":"2024-07-30T22:53:11.338Z"}
{"level":"info","message":"Server connected to database and database running on port 27017","timestamp":"2024-07-30T22:53:11.453Z"}
{"level":"info","message":"Server running on port 3000","timestamp":"2024-07-30T22:55:08.330Z"}
{"level":"info","message":"Server connected to database and database running on port 27017","timestamp":"2024-07-30T22:55:08.571Z"}
{"level":"info","message":"Server running on port 3000","timestamp":"2024-07-30T22:56:52.298Z"}
{"level":"info","message":"Server connected to database and database running on port 27017","timestamp":"2024-07-30T22:56:52.420Z"}
{"level":"info","message":"Server running on port 3000","timestamp":"2024-07-30T23:06:59.194Z"}
{"level":"info","message":"Server connected to database and database running on port 27017","timestamp":"2024-07-30T23:06:59.867Z"}
{"level":"info","message":"Server running on port 3000","timestamp":"2024-07-30T23:13:41.261Z"}
{"level":"info","message":"Server connected to database and database running on port 27017","timestamp":"2024-07-30T23:13:41.376Z"}
{"level":"info","message":"Server running on port 3000","timestamp":"2024-07-30T23:14:58.983Z"}
{"level":"info","message":"Server connected to database and database running on port 27017","timestamp":"2024-07-30T23:14:59.162Z"}
{"level":"info","message":"Server running on port 3000","timestamp":"2024-07-30T23:54:19.388Z"}
{"level":"info","message":"Server connected to database and database running on port 27017","timestamp":"2024-07-30T23:54:19.557Z"}
{"level":"info","message":"Server running on port 3000","timestamp":"2024-07-31T08:11:37.988Z"}
{"level":"info","message":"Server connected to database and database running on port 27017","timestamp":"2024-07-31T08:11:39.096Z"}
{"level":"info","message":"Server running on port 3000","timestamp":"2024-07-31T08:43:24.369Z"}
{"level":"info","message":"Server connected to database and database running on port 27017","timestamp":"2024-07-31T08:43:24.515Z"}
{"level":"info","message":"Server running on port 3000","timestamp":"2024-07-31T08:54:28.913Z"}
{"level":"info","message":"Server connected to database and database running on port 27017","timestamp":"2024-07-31T08:54:29.413Z"}
{"level":"info","message":"Server running on port 3000","timestamp":"2024-07-31T08:57:24.267Z"}
{"level":"info","message":"Server connected to database and database running on port 27017","timestamp":"2024-07-31T08:57:24.479Z"}
{"level":"info","message":"Server running on port 3000","timestamp":"2024-07-31T09:01:18.001Z"}
{"level":"info","message":"Server connected to database and database running on port 27017","timestamp":"2024-07-31T09:01:19.646Z"}
{"level":"info","message":"Server running on port 3000","timestamp":"2024-07-31T09:03:06.413Z"}
{"level":"info","message":"Server connected to database and database running on port 27017","timestamp":"2024-07-31T09:03:06.725Z"}
{"level":"info","message":"Server running on port 3000","timestamp":"2024-07-31T09:06:02.114Z"}
{"level":"info","message":"Server connected to database and database running on port 27017","timestamp":"2024-07-31T09:06:02.339Z"}
{"level":"info","message":"Server running on port 3000","timestamp":"2024-07-31T09:08:01.541Z"}
{"level":"info","message":"Server connected to database and database running on port 27017","timestamp":"2024-07-31T09:08:01.669Z"}
{"level":"info","message":"Server running on port 3000","timestamp":"2024-07-31T09:09:38.148Z"}
{"level":"info","message":"Server connected to database and database running on port 27017","timestamp":"2024-07-31T09:09:38.315Z"}
{"level":"info","message":"Server running on port 3000","timestamp":"2024-07-31T09:10:31.739Z"}
{"level":"info","message":"Server connected to database and database running on port 27017","timestamp":"2024-07-31T09:10:31.851Z"}
{"level":"info","message":"Server running on port 3000","timestamp":"2024-07-31T09:41:13.151Z"}
{"level":"info","message":"Server connected to database and database running on port 27017","timestamp":"2024-07-31T09:41:13.955Z"}
{"level":"info","message":"Server running on port 3000","timestamp":"2024-07-31T09:42:07.094Z"}
{"level":"info","message":"Server connected to database and database running on port 27017","timestamp":"2024-07-31T09:42:07.335Z"}
{"level":"info","message":"Server running on port 3000","timestamp":"2024-07-31T09:42:30.014Z"}
{"level":"info","message":"Server connected to database and database running on port 27017","timestamp":"2024-07-31T09:42:30.147Z"}
{"level":"info","message":"Server running on port 3000","timestamp":"2024-07-31T10:37:53.746Z"}
{"level":"info","message":"Server connected to database and database running on port 27017","timestamp":"2024-07-31T10:37:54.194Z"}
{"level":"info","message":"Server running on port 3000","timestamp":"2024-07-31T10:45:34.695Z"}
{"level":"info","message":"Server connected to database and database running on port 27017","timestamp":"2024-07-31T10:45:35.022Z"}
{"level":"info","message":"Server running on port 3000","timestamp":"2024-07-31T10:48:30.770Z"}
{"level":"info","message":"Server connected to database and database running on port 27017","timestamp":"2024-07-31T10:48:31.080Z"}
{"level":"info","message":"Server running on port 3000","timestamp":"2024-07-31T10:52:31.374Z"}
{"level":"info","message":"Server connected to database and database running on port 27017","timestamp":"2024-07-31T10:52:31.528Z"}
{"level":"info","message":"Server running on port 3000","timestamp":"2024-07-31T10:54:02.827Z"}
{"level":"info","message":"Server connected to database and database running on port 27017","timestamp":"2024-07-31T10:54:02.987Z"}
{"level":"info","message":"Server running on port 3000","timestamp":"2024-07-31T10:57:55.317Z"}
{"level":"info","message":"Server connected to database and database running on port 27017","timestamp":"2024-07-31T10:57:56.330Z"}
{"level":"info","message":"Server running on port 3000","timestamp":"2024-07-31T11:01:58.973Z"}
{"level":"info","message":"Server connected to database and database running on port 27017","timestamp":"2024-07-31T11:01:59.140Z"}
{"level":"info","message":"Server running on port 3000","timestamp":"2024-07-31T11:22:24.993Z"}
{"level":"info","message":"Server connected to database and database running on port 27017","timestamp":"2024-07-31T11:22:26.603Z"}
{"level":"info","message":"Server running on port 3000","timestamp":"2024-07-31T11:39:57.610Z"}
{"level":"info","message":"Server connected to database and database running on port 27017","timestamp":"2024-07-31T11:39:57.989Z"}
{"level":"info","message":"Server running on port 3000","timestamp":"2024-07-31T13:51:48.496Z"}
{"level":"info","message":"Server connected to database and database running on port 27017","timestamp":"2024-07-31T13:51:49.807Z"}
{"level":"info","message":"Server running on port 3000","timestamp":"2024-07-31T14:11:52.400Z"}
{"level":"info","message":"Server connected to database and database running on port 27017","timestamp":"2024-07-31T14:11:52.511Z"}
{"level":"info","message":"Server running on port 3000","timestamp":"2024-07-31T14:18:35.823Z"}
{"level":"info","message":"Server connected to database and database running on port 27017","timestamp":"2024-07-31T14:18:35.931Z"}
{"level":"info","message":"Server running on port 3000","timestamp":"2024-07-31T14:19:26.298Z"}
{"level":"info","message":"Server connected to database and database running on port 27017","timestamp":"2024-07-31T14:19:26.419Z"}
{"level":"info","message":"Server running on port 3000","timestamp":"2024-07-31T14:21:55.789Z"}
{"level":"info","message":"Server connected to database and database running on port 27017","timestamp":"2024-07-31T14:21:55.932Z"}
{"level":"info","message":"Server running on port 3000","timestamp":"2024-07-31T14:33:24.378Z"}
{"level":"info","message":"Server connected to database and database running on port 27017","timestamp":"2024-07-31T14:33:24.567Z"}
{"level":"info","message":"Server running on port 3000","timestamp":"2024-07-31T14:49:08.619Z"}
{"level":"info","message":"Server connected to database and database running on port 27017","timestamp":"2024-07-31T14:49:09.591Z"}
{"level":"info","message":"Server running on port 3000","timestamp":"2024-07-31T14:54:18.221Z"}
{"level":"info","message":"Server connected to database and database running on port 27017","timestamp":"2024-07-31T14:54:18.425Z"}
{"level":"info","message":"Server running on port 3000","timestamp":"2024-07-31T15:03:49.046Z"}
{"level":"info","message":"Server connected to database and database running on port 27017","timestamp":"2024-07-31T15:03:49.246Z"}
{"level":"info","message":"Server running on port 3000","timestamp":"2024-07-31T15:09:13.205Z"}
{"level":"info","message":"Server connected to database and database running on port 27017","timestamp":"2024-07-31T15:09:13.278Z"}
{"level":"info","message":"Server running on port 3000","timestamp":"2024-07-31T15:10:43.061Z"}
{"level":"info","message":"Server connected to database and database running on port 27017","timestamp":"2024-07-31T15:10:43.260Z"}
{"level":"info","message":"Server running on port 3000","timestamp":"2024-08-01T14:56:54.951Z"}
{"level":"info","message":"Server connected to database and database running on port 27017","timestamp":"2024-08-01T14:56:55.971Z"}
{"level":"info","message":"Server running on port 3000","timestamp":"2024-08-01T15:25:13.402Z"}
{"level":"info","message":"Server connected to database and database running on port 27017","timestamp":"2024-08-01T15:25:13.518Z"}
{"level":"info","message":"Server running on port 3000","timestamp":"2024-08-01T15:36:22.722Z"}
{"level":"info","message":"Server connected to database and database running on port 27017","timestamp":"2024-08-01T15:36:22.837Z"}
{"level":"info","message":"Server running on port 3000","timestamp":"2024-08-01T15:39:14.543Z"}
{"level":"info","message":"Server connected to database and database running on port 27017","timestamp":"2024-08-01T15:39:14.694Z"}
{"level":"info","message":"Server running on port 3000","timestamp":"2024-08-01T15:51:56.383Z"}
{"level":"info","message":"Server connected to database and database running on port 27017","timestamp":"2024-08-01T15:51:56.501Z"}
{"level":"info","message":"Server running on port 3000","timestamp":"2024-08-01T15:52:47.074Z"}
{"level":"info","message":"Server connected to database and database running on port 27017","timestamp":"2024-08-01T15:52:47.200Z"}
{"level":"info","message":"Server running on port 3000","timestamp":"2024-08-01T15:53:27.230Z"}
{"level":"info","message":"Server connected to database and database running on port 27017","timestamp":"2024-08-01T15:53:27.348Z"}
{"level":"info","message":"Server running on port 3000","timestamp":"2024-08-01T15:56:46.803Z"}
{"level":"info","message":"Server connected to database and database running on port 27017","timestamp":"2024-08-01T15:56:46.989Z"}
{"level":"info","message":"Server running on port 3000","timestamp":"2024-08-01T15:57:35.134Z"}
{"level":"info","message":"Server connected to database and database running on port 27017","timestamp":"2024-08-01T15:57:35.255Z"}
{"level":"info","message":"Server running on port 3000","timestamp":"2024-08-01T16:00:12.446Z"}
{"level":"info","message":"Server connected to database and database running on port 27017","timestamp":"2024-08-01T16:00:12.584Z"}
{"level":"info","message":"Server running on port 3000","timestamp":"2024-08-01T16:03:19.828Z"}
{"level":"info","message":"Server connected to database and database running on port 27017","timestamp":"2024-08-01T16:03:19.939Z"}
{"level":"info","message":"Server running on port 3000","timestamp":"2024-08-01T16:04:43.789Z"}
{"level":"info","message":"Server connected to database and database running on port 27017","timestamp":"2024-08-01T16:04:43.979Z"}
{"level":"info","message":"Server running on port 3000","timestamp":"2024-08-01T16:23:05.797Z"}
{"level":"info","message":"Server connected to database and database running on port 27017","timestamp":"2024-08-01T16:23:06.053Z"}
{"level":"info","message":"Server running on port 3000","timestamp":"2024-08-01T16:24:10.864Z"}
{"level":"info","message":"Server connected to database and database running on port 27017","timestamp":"2024-08-01T16:24:11.024Z"}
{"level":"info","message":"Server running on port 3000","timestamp":"2024-08-01T16:25:50.851Z"}
{"level":"info","message":"Server connected to database and database running on port 27017","timestamp":"2024-08-01T16:25:51.240Z"}
{"level":"info","message":"Server running on port 3000","timestamp":"2024-08-01T16:31:40.553Z"}
{"level":"info","message":"Server connected to database and database running on port 27017","timestamp":"2024-08-01T16:31:40.723Z"}
{"level":"info","message":"Server running on port 3000","timestamp":"2024-08-01T16:32:10.635Z"}
{"level":"info","message":"Server connected to database and database running on port 27017","timestamp":"2024-08-01T16:32:10.809Z"}
{"level":"info","message":"Server running on port 3000","timestamp":"2024-08-01T16:32:38.975Z"}
{"level":"info","message":"Server connected to database and database running on port 27017","timestamp":"2024-08-01T16:32:39.117Z"}
{"level":"info","message":"Server running on port 3000","timestamp":"2024-08-01T16:38:02.542Z"}
{"level":"info","message":"Server connected to database and database running on port 27017","timestamp":"2024-08-01T16:38:02.710Z"}
{"level":"info","message":"Server running on port 3000","timestamp":"2024-08-01T18:53:36.457Z"}
{"level":"info","message":"Server connected to database and database running on port 27017","timestamp":"2024-08-01T18:53:36.638Z"}
{"level":"info","message":"Server running on port 3000","timestamp":"2024-08-01T18:54:38.993Z"}
{"level":"info","message":"Server connected to database and database running on port 27017","timestamp":"2024-08-01T18:54:39.192Z"}
{"level":"info","message":"Server running on port 3000","timestamp":"2024-08-01T18:59:45.838Z"}
{"level":"info","message":"Server connected to database and database running on port 27017","timestamp":"2024-08-01T18:59:46.019Z"}
{"level":"info","message":"Server running on port 3000","timestamp":"2024-08-01T19:02:31.782Z"}
{"level":"info","message":"Server connected to database and database running on port 27017","timestamp":"2024-08-01T19:02:32.001Z"}
{"level":"info","message":"Server running on port 3000","timestamp":"2024-08-01T19:03:34.298Z"}
{"level":"info","message":"Server connected to database and database running on port 27017","timestamp":"2024-08-01T19:03:34.563Z"}
{"level":"info","message":"Server running on port 3000","timestamp":"2024-08-01T19:09:42.946Z"}
{"level":"info","message":"Server connected to database and database running on port 27017","timestamp":"2024-08-01T19:09:43.066Z"}
{"level":"info","message":"Server running on port 3000","timestamp":"2024-08-01T19:23:16.546Z"}
{"level":"info","message":"Server connected to database and database running on port 27017","timestamp":"2024-08-01T19:23:16.767Z"}
{"level":"info","message":"Server running on port 3000","timestamp":"2024-08-01T19:24:07.750Z"}
{"level":"info","message":"Server connected to database and database running on port 27017","timestamp":"2024-08-01T19:24:07.929Z"}
{"level":"info","message":"Server running on port 3000","timestamp":"2024-08-01T19:26:16.233Z"}
{"level":"info","message":"Server connected to database and database running on port 27017","timestamp":"2024-08-01T19:26:16.384Z"}
{"level":"info","message":"Server running on port 3000","timestamp":"2024-08-01T19:28:44.278Z"}
{"level":"info","message":"Server connected to database and database running on port 27017","timestamp":"2024-08-01T19:28:44.455Z"}
{"level":"info","message":"Server running on port 3000","timestamp":"2024-08-01T19:30:19.618Z"}
{"level":"info","message":"Server connected to database and database running on port 27017","timestamp":"2024-08-01T19:30:19.988Z"}
{"level":"info","message":"Server running on port 3000","timestamp":"2024-08-01T19:30:58.253Z"}
{"level":"info","message":"Server connected to database and database running on port 27017","timestamp":"2024-08-01T19:30:58.515Z"}
{"level":"info","message":"Server running on port 3000","timestamp":"2024-08-01T19:32:25.425Z"}
{"level":"info","message":"Server connected to database and database running on port 27017","timestamp":"2024-08-01T19:32:25.866Z"}
{"level":"info","message":"Server running on port 3000","timestamp":"2024-08-01T19:32:34.427Z"}
{"level":"info","message":"Server connected to database and database running on port 27017","timestamp":"2024-08-01T19:32:34.661Z"}
{"level":"info","message":"Server running on port 3000","timestamp":"2024-08-01T19:33:11.673Z"}
{"level":"info","message":"Server connected to database and database running on port 27017","timestamp":"2024-08-01T19:33:11.866Z"}
{"level":"info","message":"Server running on port 3000","timestamp":"2024-08-01T19:34:01.424Z"}
{"level":"info","message":"Server connected to database and database running on port 27017","timestamp":"2024-08-01T19:34:01.568Z"}
{"level":"info","message":"Server running on port 3000","timestamp":"2024-08-03T09:09:07.689Z"}
{"level":"info","message":"Server connected to database and database running on port 27017","timestamp":"2024-08-03T09:09:08.386Z"}
{"level":"info","message":"Server running on port 3000","timestamp":"2024-08-03T09:52:36.606Z"}
{"level":"info","message":"Server connected to database and database running on port 27017","timestamp":"2024-08-03T09:52:36.961Z"}
{"level":"info","message":"Server running on port 3000","timestamp":"2024-08-03T09:54:45.266Z"}
{"level":"info","message":"Server running on port 3000","timestamp":"2024-08-03T09:54:55.880Z"}
{"level":"info","message":"Server connected to database and database running on port 27017","timestamp":"2024-08-03T09:54:56.047Z"}
{"level":"info","message":"Server running on port 3000","timestamp":"2024-08-03T09:55:19.726Z"}
{"level":"info","message":"Server connected to database and database running on port 27017","timestamp":"2024-08-03T09:55:19.992Z"}
{"level":"info","message":"Server running on port 3000","timestamp":"2024-08-03T09:57:23.602Z"}
{"level":"info","message":"Server connected to database and database running on port 27017","timestamp":"2024-08-03T09:57:23.730Z"}
{"level":"info","message":"Server running on port 3000","timestamp":"2024-08-03T09:58:43.606Z"}
{"level":"info","message":"Server connected to database and database running on port 27017","timestamp":"2024-08-03T09:58:43.731Z"}
{"level":"info","message":"Server running on port 3000","timestamp":"2024-08-03T10:00:08.675Z"}
{"level":"info","message":"Server connected to database and database running on port 27017","timestamp":"2024-08-03T10:00:08.969Z"}
{"level":"info","message":"Server running on port 3000","timestamp":"2024-08-03T10:01:40.159Z"}
{"level":"info","message":"Server connected to database and database running on port 27017","timestamp":"2024-08-03T10:01:40.678Z"}
{"level":"info","message":"Server running on port 3000","timestamp":"2024-08-03T10:05:10.441Z"}
{"level":"info","message":"Server connected to database and database running on port 27017","timestamp":"2024-08-03T10:05:10.642Z"}
{"level":"info","message":"Server running on port 3000","timestamp":"2024-08-03T10:11:52.552Z"}
{"level":"info","message":"Server connected to database and database running on port 27017","timestamp":"2024-08-03T10:11:52.720Z"}
{"level":"info","message":"Server running on port 3000","timestamp":"2024-08-03T10:13:14.238Z"}
{"level":"info","message":"Server connected to database and database running on port 27017","timestamp":"2024-08-03T10:13:14.470Z"}
{"level":"info","message":"Server running on port 3000","timestamp":"2024-08-03T10:20:05.898Z"}
{"level":"info","message":"Server connected to database and database running on port 27017","timestamp":"2024-08-03T10:20:06.113Z"}
{"level":"info","message":"Server running on port 3000","timestamp":"2024-08-03T10:24:15.010Z"}
{"level":"info","message":"Server connected to database and database running on port 27017","timestamp":"2024-08-03T10:24:15.354Z"}
{"level":"info","message":"Server running on port 3000","timestamp":"2024-08-03T10:26:04.590Z"}
{"level":"info","message":"Server connected to database and database running on port 27017","timestamp":"2024-08-03T10:26:04.698Z"}
{"level":"info","message":"Server running on port 3000","timestamp":"2024-08-03T10:34:48.994Z"}
{"level":"info","message":"Server connected to database and database running on port 27017","timestamp":"2024-08-03T10:34:49.133Z"}
{"level":"info","message":"Server running on port 3000","timestamp":"2024-08-03T10:36:26.861Z"}
{"level":"info","message":"Server connected to database and database running on port 27017","timestamp":"2024-08-03T10:36:26.992Z"}
{"level":"info","message":"Server running on port 3000","timestamp":"2024-08-03T10:37:50.447Z"}
{"level":"info","message":"Server connected to database and database running on port 27017","timestamp":"2024-08-03T10:37:50.630Z"}
{"level":"info","message":"Server running on port 3000","timestamp":"2024-08-03T10:40:16.903Z"}
{"level":"info","message":"Server connected to database and database running on port 27017","timestamp":"2024-08-03T10:40:17.412Z"}
{"level":"info","message":"Server running on port 3000","timestamp":"2024-08-03T10:42:34.637Z"}
{"level":"info","message":"Server connected to database and database running on port 27017","timestamp":"2024-08-03T10:42:35.044Z"}
{"level":"info","message":"Server running on port 3000","timestamp":"2024-08-03T10:47:23.115Z"}
{"level":"info","message":"Server connected to database and database running on port 27017","timestamp":"2024-08-03T10:47:23.239Z"}
{"level":"info","message":"Server running on port 3000","timestamp":"2024-08-03T10:48:50.286Z"}
{"level":"info","message":"Server connected to database and database running on port 27017","timestamp":"2024-08-03T10:48:50.523Z"}
{"level":"info","message":"Server running on port 3000","timestamp":"2024-08-03T10:49:57.888Z"}
{"level":"info","message":"Server connected to database and database running on port 27017","timestamp":"2024-08-03T10:49:58.156Z"}
{"level":"info","message":"Server running on port 3000","timestamp":"2024-08-03T10:50:24.709Z"}
{"level":"info","message":"Server connected to database and database running on port 27017","timestamp":"2024-08-03T10:50:24.878Z"}
{"level":"info","message":"Server running on port 3000","timestamp":"2024-08-03T10:51:38.177Z"}
{"level":"info","message":"Server connected to database and database running on port 27017","timestamp":"2024-08-03T10:51:38.344Z"}
{"level":"info","message":"Server running on port 3000","timestamp":"2024-08-03T10:53:27.602Z"}
{"level":"info","message":"Server connected to database and database running on port 27017","timestamp":"2024-08-03T10:53:27.806Z"}
{"level":"info","message":"Server running on port 3000","timestamp":"2024-08-03T10:54:15.692Z"}
{"level":"info","message":"Server connected to database and database running on port 27017","timestamp":"2024-08-03T10:54:16.580Z"}
{"level":"info","message":"Server running on port 3000","timestamp":"2024-08-03T11:06:53.518Z"}
{"level":"info","message":"Server connected to database and database running on port 27017","timestamp":"2024-08-03T11:06:53.642Z"}
{"level":"info","message":"Server running on port 3000","timestamp":"2024-08-03T11:09:00.423Z"}
{"level":"info","message":"Server connected to database and database running on port 27017","timestamp":"2024-08-03T11:09:00.702Z"}
{"level":"info","message":"Server running on port 3000","timestamp":"2024-08-03T11:31:58.808Z"}
{"level":"info","message":"Server connected to database and database running on port 27017","timestamp":"2024-08-03T11:31:58.945Z"}
{"level":"info","message":"Server running on port 3000","timestamp":"2024-08-10T01:37:23.103Z"}
{"level":"error","message":"Server refused to connect to database with message: connect ECONNREFUSED 127.0.0.1:27017","timestamp":"2024-08-10T01:37:25.099Z"}
{"level":"info","message":"Server running on port 3000","timestamp":"2024-08-10T01:43:16.107Z"}
{"level":"error","message":"Server refused to connect to database with message: connect ECONNREFUSED 127.0.0.1:27017","timestamp":"2024-08-10T01:43:18.114Z"}
{"level":"info","message":"Server running on port 3000","timestamp":"2024-08-10T10:19:37.536Z"}
{"level":"info","message":"Server connected to database and database running on port 27017","timestamp":"2024-08-10T10:19:37.674Z"}
{"level":"info","message":"Server running on port 3000","timestamp":"2024-08-10T10:47:59.089Z"}
{"level":"info","message":"Server connected to database and database running on port 27017","timestamp":"2024-08-10T10:47:59.411Z"}
{"level":"info","message":"Server running on port 3000","timestamp":"2024-09-07T11:20:02.118Z"}
{"level":"error","message":"Server refused to connect to database with message: Server selection timed out after 2000 ms","timestamp":"2024-09-07T11:20:03.991Z"}
{"level":"info","message":"Server running on port 3000","timestamp":"2024-09-07T11:27:52.986Z"}
{"level":"info","message":"Server connected to database and database running on port 27017","timestamp":"2024-09-07T11:27:53.748Z"}
{"level":"info","message":"Server running on port 3000","timestamp":"2024-09-07T11:40:30.481Z"}
{"level":"info","message":"Server connected to database and database running on port 27017","timestamp":"2024-09-07T11:40:30.659Z"}
{"level":"info","message":"Server running on port 3000","timestamp":"2024-09-07T11:41:32.082Z"}
{"level":"info","message":"Server connected to database and database running on port 27017","timestamp":"2024-09-07T11:41:32.407Z"}
{"level":"info","message":"Server running on port 3000","timestamp":"2024-09-07T11:43:15.110Z"}
{"level":"info","message":"Server connected to database and database running on port 27017","timestamp":"2024-09-07T11:43:15.471Z"}
{"level":"info","message":"Server running on port 3000","timestamp":"2024-09-07T11:43:24.662Z"}
{"level":"info","message":"Server connected to database and database running on port 27017","timestamp":"2024-09-07T11:43:24.929Z"}
{"level":"info","message":"Server running on port 3000","timestamp":"2024-09-07T11:48:43.133Z"}
{"level":"info","message":"Server connected to database and database running on port 27017","timestamp":"2024-09-07T11:48:43.600Z"}
{"level":"info","message":"Server running on port 3000","timestamp":"2024-09-07T11:58:27.635Z"}
{"level":"info","message":"Server connected to database and database running on port 27017","timestamp":"2024-09-07T11:58:27.759Z"}
{"level":"info","message":"Server running on port 3000","timestamp":"2024-09-07T11:59:05.774Z"}
{"level":"info","message":"Server connected to database and database running on port 27017","timestamp":"2024-09-07T11:59:06.066Z"}
{"level":"info","message":"Server running on port 3000","timestamp":"2024-09-07T12:01:24.761Z"}
{"level":"info","message":"Server connected to database and database running on port 27017","timestamp":"2024-09-07T12:01:24.886Z"}
{"level":"info","message":"Server running on port 3000","timestamp":"2024-09-07T12:02:55.538Z"}
{"level":"info","message":"Server connected to database and database running on port 27017","timestamp":"2024-09-07T12:02:55.720Z"}
{"level":"info","message":"Server running on port 3000","timestamp":"2024-09-07T12:17:16.908Z"}
{"level":"info","message":"Server connected to database and database running on port 27017","timestamp":"2024-09-07T12:17:17.253Z"}
{"level":"info","message":"Server running on port 3000","timestamp":"2024-09-07T12:19:43.372Z"}
{"level":"info","message":"Server connected to database and database running on port 27017","timestamp":"2024-09-07T12:19:43.520Z"}
{"level":"info","message":"Server running on port 3000","timestamp":"2024-09-07T17:58:23.318Z"}
{"level":"info","message":"Server connected to database and database running on port 27017","timestamp":"2024-09-07T17:58:23.612Z"}
{"level":"info","message":"Server running on port 3000","timestamp":"2024-09-08T02:08:25.400Z"}
{"level":"info","message":"Server connected to database and database running on port 27017","timestamp":"2024-09-08T02:08:27.079Z"}
{"level":"info","message":"Server running on port 3000","timestamp":"2024-09-08T03:06:19.506Z"}
{"level":"info","message":"Server connected to database and database running on port 27017","timestamp":"2024-09-08T03:06:19.615Z"}
{"level":"info","message":"Server running on port 3000","timestamp":"2024-09-08T10:55:01.698Z"}
{"level":"info","message":"Server connected to database and database running on port 27017","timestamp":"2024-09-08T10:55:01.923Z"}
{"level":"info","message":"Server running on port 3000","timestamp":"2024-09-08T18:29:18.589Z"}
{"level":"info","message":"Server connected to database and database running on port 27017","timestamp":"2024-09-08T18:29:20.290Z"}
{"level":"info","message":"Server running on port 3000","timestamp":"2024-09-08T19:50:05.445Z"}
{"level":"info","message":"Server connected to database and database running on port 27017","timestamp":"2024-09-08T19:50:05.653Z"}
{"level":"info","message":"Server running on port 3000","timestamp":"2024-09-09T14:35:24.880Z"}
{"level":"info","message":"Server connected to database and database running on port 27017","timestamp":"2024-09-09T14:35:26.427Z"}
{"level":"info","message":"Server running on port 3000","timestamp":"2024-09-09T19:33:50.440Z"}
{"level":"info","message":"Server connected to database and database running on port 27017","timestamp":"2024-09-09T19:33:50.671Z"}
{"level":"info","message":"Server running on port 3000","timestamp":"2024-09-09T19:53:02.865Z"}
{"level":"info","message":"Server connected to database and database running on port 27017","timestamp":"2024-09-09T19:53:03.152Z"}
{"level":"info","message":"Server running on port 3000","timestamp":"2024-09-09T19:53:09.001Z"}
{"level":"info","message":"Server connected to database and database running on port 27017","timestamp":"2024-09-09T19:53:09.147Z"}
{"level":"info","message":"Server running on port 3000","timestamp":"2024-09-09T19:53:28.748Z"}
{"level":"info","message":"Server connected to database and database running on port 27017","timestamp":"2024-09-09T19:53:28.878Z"}
{"level":"info","message":"Server running on port 3000","timestamp":"2024-09-09T20:02:42.501Z"}
{"level":"info","message":"Server connected to database and database running on port 27017","timestamp":"2024-09-09T20:02:42.636Z"}
{"level":"info","message":"Server running on port 3000","timestamp":"2024-09-09T20:09:06.176Z"}
{"level":"info","message":"Server connected to database and database running on port 27017","timestamp":"2024-09-09T20:09:06.360Z"}
{"level":"info","message":"Server running on port 3000","timestamp":"2024-09-09T20:13:43.268Z"}
{"level":"info","message":"Server connected to database and database running on port 27017","timestamp":"2024-09-09T20:13:43.699Z"}
{"level":"info","message":"Server running on port 3000","timestamp":"2024-09-09T20:14:44.927Z"}
{"level":"info","message":"Server connected to database and database running on port 27017","timestamp":"2024-09-09T20:14:45.199Z"}
{"level":"info","message":"Server running on port 3000","timestamp":"2024-09-09T20:15:51.162Z"}
{"level":"info","message":"Server connected to database and database running on port 27017","timestamp":"2024-09-09T20:15:51.641Z"}
{"level":"info","message":"Server running on port 3000","timestamp":"2024-09-10T09:37:56.628Z"}
{"level":"info","message":"Server connected to database and database running on port 27017","timestamp":"2024-09-10T09:37:56.830Z"}
{"level":"info","message":"Server running on port 3000","timestamp":"2024-09-10T13:06:18.833Z"}
{"level":"error","message":"Server refused to connect to database with message: Server selection timed out after 2000 ms","timestamp":"2024-09-10T13:06:20.404Z"}
{"level":"info","message":"Server running on port 3000","timestamp":"2024-09-10T13:06:57.317Z"}
{"level":"info","message":"Server connected to database and database running on port 27017","timestamp":"2024-09-10T13:06:57.920Z"}
{"level":"info","message":"Server running on port 3000","timestamp":"2024-09-10T19:30:19.334Z"}
{"level":"info","message":"Server connected to database and database running on port 27017","timestamp":"2024-09-10T19:30:20.811Z"}
{"level":"info","message":"Server running on port 3000","timestamp":"2024-09-11T05:29:22.362Z"}
{"level":"info","message":"Server connected to database and database running on port 27017","timestamp":"2024-09-11T05:29:22.773Z"}
{"level":"info","message":"Server running on port 3000","timestamp":"2024-09-11T05:31:55.283Z"}
{"level":"info","message":"Server connected to database and database running on port 27017","timestamp":"2024-09-11T05:31:55.848Z"}
{"level":"info","message":"Server running on port 3000","timestamp":"2024-09-11T05:35:42.006Z"}
{"level":"info","message":"Server connected to database and database running on port 27017","timestamp":"2024-09-11T05:35:42.198Z"}
{"level":"info","message":"Server running on port 3000","timestamp":"2024-09-12T04:49:04.656Z"}
{"level":"error","message":"Server refused to connect to database with message: Server selection timed out after 2000 ms","timestamp":"2024-09-12T04:49:06.581Z"}
{"level":"info","message":"Server running on port 3000","timestamp":"2024-09-12T04:50:14.022Z"}
{"level":"info","message":"Server running on port 3000","timestamp":"2024-09-12T04:50:53.063Z"}
{"level":"info","message":"Server connected to database and database running on port 27017","timestamp":"2024-09-12T04:50:53.217Z"}
{"level":"info","message":"Server running on port 3000","timestamp":"2024-09-12T07:10:33.946Z"}
{"level":"info","message":"Server connected to database and database running on port 27017","timestamp":"2024-09-12T07:10:34.871Z"}
{"level":"info","message":"Server running on port 3000","timestamp":"2024-09-12T07:25:42.414Z"}
{"level":"info","message":"Server connected to database and database running on port 27017","timestamp":"2024-09-12T07:25:42.545Z"}
{"level":"info","message":"Server running on port 3000","timestamp":"2024-09-12T07:32:06.036Z"}
{"level":"info","message":"Server connected to database and database running on port 27017","timestamp":"2024-09-12T07:32:06.327Z"}
{"level":"info","message":"Server running on port 3000","timestamp":"2024-09-12T08:24:09.050Z"}
{"level":"info","message":"Server connected to database and database running on port 27017","timestamp":"2024-09-12T08:24:09.623Z"}
{"level":"info","message":"Server running on port 3000","timestamp":"2024-09-12T08:30:44.949Z"}
{"level":"info","message":"Server connected to database and database running on port 27017","timestamp":"2024-09-12T08:30:45.127Z"}
{"level":"info","message":"Server running on port 3000","timestamp":"2024-09-12T08:56:56.662Z"}
{"level":"info","message":"Server connected to database and database running on port 27017","timestamp":"2024-09-12T08:56:56.798Z"}
{"level":"info","message":"Server running on port 3000","timestamp":"2024-09-12T09:00:28.777Z"}
{"level":"info","message":"Server connected to database and database running on port 27017","timestamp":"2024-09-12T09:00:29.647Z"}
{"level":"info","message":"Server running on port 3000","timestamp":"2024-09-12T09:02:00.917Z"}
{"level":"info","message":"Server connected to database and database running on port 27017","timestamp":"2024-09-12T09:02:02.572Z"}
{"level":"info","message":"Server running on port 3000","timestamp":"2024-09-12T09:04:34.249Z"}
{"level":"info","message":"Server connected to database and database running on port 27017","timestamp":"2024-09-12T09:04:34.436Z"}
{"level":"info","message":"Server running on port 3000","timestamp":"2024-09-12T09:06:59.137Z"}
{"level":"info","message":"Server connected to database and database running on port 27017","timestamp":"2024-09-12T09:06:59.281Z"}
{"level":"info","message":"Server running on port 3000","timestamp":"2024-09-12T09:07:50.098Z"}
{"level":"info","message":"Server connected to database and database running on port 27017","timestamp":"2024-09-12T09:07:50.424Z"}
{"level":"info","message":"Server running on port 3000","timestamp":"2024-09-12T09:09:28.721Z"}
{"level":"info","message":"Server connected to database and database running on port 27017","timestamp":"2024-09-12T09:09:29.091Z"}
{"level":"info","message":"Server running on port 3000","timestamp":"2024-09-12T09:10:26.139Z"}
{"level":"info","message":"Server connected to database and database running on port 27017","timestamp":"2024-09-12T09:10:26.362Z"}
{"level":"info","message":"Server running on port 3000","timestamp":"2024-09-12T09:11:26.103Z"}
{"level":"info","message":"Server connected to database and database running on port 27017","timestamp":"2024-09-12T09:11:26.570Z"}
{"level":"info","message":"Server running on port 3000","timestamp":"2024-09-12T09:12:37.069Z"}
{"level":"info","message":"Server connected to database and database running on port 27017","timestamp":"2024-09-12T09:12:37.387Z"}
{"level":"info","message":"Server running on port 3000","timestamp":"2024-09-12T09:19:48.844Z"}
{"level":"info","message":"Server connected to database and database running on port 27017","timestamp":"2024-09-12T09:19:48.969Z"}
{"level":"info","message":"Server running on port 3000","timestamp":"2024-09-12T11:03:43.291Z"}
{"level":"info","message":"Server connected to database and database running on port 27017","timestamp":"2024-09-12T11:03:43.639Z"}
{"level":"info","message":"Server running on port 3000","timestamp":"2024-09-12T11:05:08.272Z"}
{"level":"info","message":"Server connected to database and database running on port 27017","timestamp":"2024-09-12T11:05:08.446Z"}
{"level":"info","message":"Server running on port 3000","timestamp":"2024-09-12T14:30:34.150Z"}
{"level":"info","message":"Server connected to database and database running on port 27017","timestamp":"2024-09-12T14:30:34.404Z"}
{"level":"info","message":"Server running on port 3000","timestamp":"2024-09-12T14:31:53.850Z"}
{"level":"info","message":"Server connected to database and database running on port 27017","timestamp":"2024-09-12T14:31:53.992Z"}
{"level":"info","message":"Server running on port 3000","timestamp":"2024-09-12T14:32:51.210Z"}
{"level":"info","message":"Server connected to database and database running on port 27017","timestamp":"2024-09-12T14:32:51.417Z"}
{"level":"info","message":"Server running on port 3000","timestamp":"2024-09-12T14:35:39.963Z"}
{"level":"info","message":"Server connected to database and database running on port 27017","timestamp":"2024-09-12T14:35:40.079Z"}
{"level":"info","message":"Server running on port 3000","timestamp":"2024-09-12T14:40:27.629Z"}
{"level":"info","message":"Server connected to database and database running on port 27017","timestamp":"2024-09-12T14:40:27.994Z"}
{"level":"info","message":"Server running on port 3000","timestamp":"2024-09-12T14:40:39.209Z"}
{"level":"info","message":"Server connected to database and database running on port 27017","timestamp":"2024-09-12T14:40:39.404Z"}
{"level":"info","message":"Server running on port 3000","timestamp":"2024-09-12T14:41:22.321Z"}
{"level":"info","message":"Server connected to database and database running on port 27017","timestamp":"2024-09-12T14:41:22.447Z"}
{"level":"info","message":"Server running on port 3000","timestamp":"2024-09-14T13:18:02.519Z"}
{"level":"info","message":"Server connected to database and database running on port 27017","timestamp":"2024-09-14T13:18:03.258Z"}
{"level":"info","message":"Server running on port 3000","timestamp":"2024-09-14T13:50:08.801Z"}
{"level":"info","message":"Server connected to database and database running on port 27017","timestamp":"2024-09-14T13:50:09.045Z"}
{"level":"info","message":"Server running on port 3000","timestamp":"2024-09-15T13:31:06.836Z"}
{"level":"error","message":"Server refused to connect to database with message: Server selection timed out after 2000 ms","timestamp":"2024-09-15T13:31:08.662Z"}
{"level":"info","message":"Server running on port 3000","timestamp":"2024-09-15T14:12:29.505Z"}
{"level":"info","message":"Server connected to database and database running on port 27017","timestamp":"2024-09-15T14:12:29.656Z"}
{"level":"info","message":"Server running on port 3000","timestamp":"2024-09-15T15:41:07.959Z"}
{"level":"info","message":"Server connected to database and database running on port 27017","timestamp":"2024-09-15T15:41:08.087Z"}
{"level":"info","message":"Server running on port 3000","timestamp":"2024-09-15T15:42:53.544Z"}
{"level":"info","message":"Server connected to database and database running on port 27017","timestamp":"2024-09-15T15:42:53.819Z"}
{"level":"info","message":"Server running on port 3000","timestamp":"2024-09-15T15:51:50.997Z"}
{"level":"info","message":"Server connected to database and database running on port 27017","timestamp":"2024-09-15T15:51:51.136Z"}
{"level":"info","message":"Server running on port 3000","timestamp":"2024-09-15T15:57:12.143Z"}
{"level":"info","message":"Server connected to database and database running on port 27017","timestamp":"2024-09-15T15:57:12.284Z"}
{"level":"info","message":"Server running on port 3000","timestamp":"2024-09-15T16:03:02.660Z"}
{"level":"info","message":"Server connected to database and database running on port 27017","timestamp":"2024-09-15T16:03:02.835Z"}
{"level":"info","message":"Server running on port 3000","timestamp":"2024-09-15T16:05:10.457Z"}
{"level":"info","message":"Server connected to database and database running on port 27017","timestamp":"2024-09-15T16:05:10.576Z"}
{"level":"info","message":"Server running on port 3000","timestamp":"2024-09-15T16:06:18.243Z"}
{"level":"info","message":"Server connected to database and database running on port 27017","timestamp":"2024-09-15T16:06:18.484Z"}
{"level":"info","message":"Server running on port 3000","timestamp":"2024-09-16T06:49:36.646Z"}
{"level":"info","message":"Server connected to database and database running on port 27017","timestamp":"2024-09-16T06:49:37.425Z"}
{"level":"info","message":"Server running on port 3000","timestamp":"2024-09-16T07:22:31.511Z"}
{"level":"info","message":"Server connected to database and database running on port 27017","timestamp":"2024-09-16T07:22:31.661Z"}
{"level":"info","message":"Server running on port 3000","timestamp":"2024-09-16T07:27:06.295Z"}
{"level":"info","message":"Server connected to database and database running on port 27017","timestamp":"2024-09-16T07:27:06.471Z"}
